[0.043s] DEBUG:colcon:Command line arguments: ['/usr/bin/colcon', 'build']
[0.043s] DEBUG:colcon:Parsed command line arguments: Namespace(log_base=None, log_level=None, verb_name='build', build_base='build', install_base='install', merge_install=False, symlink_install=False, test_result_base=None, continue_on_error=False, executor='parallel', parallel_workers=32, event_handlers=None, ignore_user_meta=False, metas=['./colcon.meta'], base_paths=['.'], packages_ignore=None, packages_ignore_regex=None, paths=None, packages_up_to=None, packages_up_to_regex=None, packages_above=None, packages_above_and_dependencies=None, packages_above_depth=None, packages_select_by_dep=None, packages_skip_by_dep=None, packages_skip_up_to=None, packages_select_build_failed=False, packages_skip_build_finished=False, packages_select_test_failures=False, packages_skip_test_passed=False, packages_select=None, packages_skip=None, packages_select_regex=None, packages_skip_regex=None, packages_start=None, packages_end=None, allow_overriding=[], cmake_args=None, cmake_target=None, cmake_target_skip_unavailable=False, cmake_clean_cache=False, cmake_clean_first=False, cmake_force_configure=False, ament_cmake_args=None, catkin_cmake_args=None, catkin_skip_building_tests=False, verb_parser=<colcon_defaults.argument_parser.defaults.DefaultArgumentsDecorator object at 0x71700b081850>, verb_extension=<colcon_core.verb.build.BuildVerb object at 0x71700b1ad520>, main=<bound method BuildVerb.main of <colcon_core.verb.build.BuildVerb object at 0x71700b1ad520>>)
[0.060s] Level 1:colcon.colcon_core.package_discovery:discover_packages(colcon_meta) check parameters
[0.060s] Level 1:colcon.colcon_core.package_discovery:discover_packages(recursive) check parameters
[0.060s] Level 1:colcon.colcon_core.package_discovery:discover_packages(ignore) check parameters
[0.060s] Level 1:colcon.colcon_core.package_discovery:discover_packages(path) check parameters
[0.060s] Level 1:colcon.colcon_core.package_discovery:discover_packages(colcon_meta) discover
[0.060s] Level 1:colcon.colcon_core.package_discovery:discover_packages(recursive) discover
[0.060s] INFO:colcon.colcon_core.package_discovery:Crawling recursively for packages in '/home/zhang/myenv/bot/src/serial_ros2'
[0.060s] Level 1:colcon.colcon_core.package_identification:_identify(.) by extensions ['ignore', 'ignore_ament_install']
[0.060s] Level 1:colcon.colcon_core.package_identification:_identify(.) by extension 'ignore'
[0.060s] Level 1:colcon.colcon_core.package_identification:_identify(.) by extension 'ignore_ament_install'
[0.060s] Level 1:colcon.colcon_core.package_identification:_identify(.) by extensions ['colcon_pkg']
[0.060s] Level 1:colcon.colcon_core.package_identification:_identify(.) by extension 'colcon_pkg'
[0.060s] Level 1:colcon.colcon_core.package_identification:_identify(.) by extensions ['colcon_meta']
[0.060s] Level 1:colcon.colcon_core.package_identification:_identify(.) by extension 'colcon_meta'
[0.060s] Level 1:colcon.colcon_core.package_identification:_identify(.) by extensions ['ros']
[0.060s] Level 1:colcon.colcon_core.package_identification:_identify(.) by extension 'ros'
[0.073s] DEBUG:colcon.colcon_core.package_identification:Package '.' with type 'ros.ament_cmake' and name 'serial'
[0.073s] Level 1:colcon.colcon_core.package_discovery:discover_packages(recursive) using defaults
[0.073s] Level 1:colcon.colcon_core.package_discovery:discover_packages(ignore) discover
[0.073s] Level 1:colcon.colcon_core.package_discovery:discover_packages(ignore) using defaults
[0.073s] Level 1:colcon.colcon_core.package_discovery:discover_packages(path) discover
[0.073s] Level 1:colcon.colcon_core.package_discovery:discover_packages(path) using defaults
[0.081s] Level 1:colcon.colcon_core.package_discovery:discover_packages(prefix_path) check parameters
[0.081s] Level 1:colcon.colcon_core.package_discovery:discover_packages(prefix_path) discover
[0.082s] DEBUG:colcon.colcon_installed_package_information.package_discovery:Found 279 installed packages in /opt/ros/jazzy
[0.082s] Level 1:colcon.colcon_core.package_discovery:discover_packages(prefix_path) using defaults
[0.098s] Level 5:colcon.colcon_core.verb:set package 'serial' build argument 'cmake_args' from command line to 'None'
[0.098s] Level 5:colcon.colcon_core.verb:set package 'serial' build argument 'cmake_target' from command line to 'None'
[0.098s] Level 5:colcon.colcon_core.verb:set package 'serial' build argument 'cmake_target_skip_unavailable' from command line to 'False'
[0.098s] Level 5:colcon.colcon_core.verb:set package 'serial' build argument 'cmake_clean_cache' from command line to 'False'
[0.098s] Level 5:colcon.colcon_core.verb:set package 'serial' build argument 'cmake_clean_first' from command line to 'False'
[0.098s] Level 5:colcon.colcon_core.verb:set package 'serial' build argument 'cmake_force_configure' from command line to 'False'
[0.098s] Level 5:colcon.colcon_core.verb:set package 'serial' build argument 'ament_cmake_args' from command line to 'None'
[0.098s] Level 5:colcon.colcon_core.verb:set package 'serial' build argument 'catkin_cmake_args' from command line to 'None'
[0.098s] Level 5:colcon.colcon_core.verb:set package 'serial' build argument 'catkin_skip_building_tests' from command line to 'False'
[0.098s] DEBUG:colcon.colcon_core.verb:Building package 'serial' with the following arguments: {'ament_cmake_args': None, 'build_base': '/home/zhang/myenv/bot/src/serial_ros2/build/serial', 'catkin_cmake_args': None, 'catkin_skip_building_tests': False, 'cmake_args': None, 'cmake_clean_cache': False, 'cmake_clean_first': False, 'cmake_force_configure': False, 'cmake_target': None, 'cmake_target_skip_unavailable': False, 'install_base': '/home/zhang/myenv/bot/src/serial_ros2/install/serial', 'merge_install': False, 'path': '/home/zhang/myenv/bot/src/serial_ros2', 'symlink_install': False, 'test_result_base': None}
[0.098s] INFO:colcon.colcon_core.executor:Executing jobs using 'parallel' executor
[0.098s] DEBUG:colcon.colcon_parallel_executor.executor.parallel:run_until_complete
[0.098s] INFO:colcon.colcon_ros.task.ament_cmake.build:Building ROS package in '/home/zhang/myenv/bot/src/serial_ros2' with build type 'ament_cmake'
[0.098s] INFO:colcon.colcon_cmake.task.cmake.build:Building CMake package in '/home/zhang/myenv/bot/src/serial_ros2'
[0.099s] INFO:colcon.colcon_core.plugin_system:Skipping extension 'colcon_core.shell.bat': Not used on non-Windows systems
[0.099s] INFO:colcon.colcon_core.shell:Skip shell extension 'powershell' for command environment: Not usable outside of PowerShell
[0.099s] DEBUG:colcon.colcon_core.shell:Skip shell extension 'dsv' for command environment
[0.104s] DEBUG:colcon.colcon_core.event_handler.log_command:Invoking command in '/home/zhang/myenv/bot/src/serial_ros2/build/serial': CMAKE_PREFIX_PATH=${CMAKE_PREFIX_PATH}:/opt/ros/jazzy DEBUGINFOD_URLS=https://debuginfod.ubuntu.com /usr/bin/cmake /home/zhang/myenv/bot/src/serial_ros2 -DCMAKE_INSTALL_PREFIX=/home/zhang/myenv/bot/src/serial_ros2/install/serial
[0.829s] DEBUG:colcon.colcon_core.event_handler.log_command:Invoked command in '/home/zhang/myenv/bot/src/serial_ros2/build/serial' returned '0': CMAKE_PREFIX_PATH=${CMAKE_PREFIX_PATH}:/opt/ros/jazzy DEBUGINFOD_URLS=https://debuginfod.ubuntu.com /usr/bin/cmake /home/zhang/myenv/bot/src/serial_ros2 -DCMAKE_INSTALL_PREFIX=/home/zhang/myenv/bot/src/serial_ros2/install/serial
[0.829s] DEBUG:colcon.colcon_core.event_handler.log_command:Invoking command in '/home/zhang/myenv/bot/src/serial_ros2/build/serial': CMAKE_PREFIX_PATH=${CMAKE_PREFIX_PATH}:/opt/ros/jazzy DEBUGINFOD_URLS=https://debuginfod.ubuntu.com /usr/bin/cmake --build /home/zhang/myenv/bot/src/serial_ros2/build/serial -- -j32 -l32
[1.103s] DEBUG:colcon.colcon_core.event_handler.log_command:Invoked command in '/home/zhang/myenv/bot/src/serial_ros2/build/serial' returned '0': CMAKE_PREFIX_PATH=${CMAKE_PREFIX_PATH}:/opt/ros/jazzy DEBUGINFOD_URLS=https://debuginfod.ubuntu.com /usr/bin/cmake --build /home/zhang/myenv/bot/src/serial_ros2/build/serial -- -j32 -l32
[1.122s] DEBUG:colcon.colcon_core.event_handler.log_command:Invoking command in '/home/zhang/myenv/bot/src/serial_ros2/build/serial': CMAKE_PREFIX_PATH=${CMAKE_PREFIX_PATH}:/opt/ros/jazzy DEBUGINFOD_URLS=https://debuginfod.ubuntu.com /usr/bin/cmake --install /home/zhang/myenv/bot/src/serial_ros2/build/serial
[1.146s] Level 1:colcon.colcon_core.environment:create_environment_scripts_only(serial)
[1.149s] DEBUG:colcon.colcon_core.event_handler.log_command:Invoked command in '/home/zhang/myenv/bot/src/serial_ros2/build/serial' returned '0': CMAKE_PREFIX_PATH=${CMAKE_PREFIX_PATH}:/opt/ros/jazzy DEBUGINFOD_URLS=https://debuginfod.ubuntu.com /usr/bin/cmake --install /home/zhang/myenv/bot/src/serial_ros2/build/serial
[1.155s] Level 1:colcon.colcon_core.environment:checking '/home/zhang/myenv/bot/src/serial_ros2/install/serial' for CMake module files
[1.156s] Level 1:colcon.colcon_core.environment:checking '/home/zhang/myenv/bot/src/serial_ros2/install/serial' for CMake config files
[1.157s] Level 1:colcon.colcon_core.shell:create_environment_hook('serial', 'cmake_prefix_path')
[1.157s] INFO:colcon.colcon_core.shell:Creating environment hook '/home/zhang/myenv/bot/src/serial_ros2/install/serial/share/serial/hook/cmake_prefix_path.ps1'
[1.158s] INFO:colcon.colcon_core.shell:Creating environment descriptor '/home/zhang/myenv/bot/src/serial_ros2/install/serial/share/serial/hook/cmake_prefix_path.dsv'
[1.159s] INFO:colcon.colcon_core.shell:Creating environment hook '/home/zhang/myenv/bot/src/serial_ros2/install/serial/share/serial/hook/cmake_prefix_path.sh'
[1.159s] Level 1:colcon.colcon_core.environment:checking '/home/zhang/myenv/bot/src/serial_ros2/install/serial/lib'
[1.160s] Level 1:colcon.colcon_core.environment:checking '/home/zhang/myenv/bot/src/serial_ros2/install/serial/bin'
[1.160s] Level 1:colcon.colcon_core.environment:checking '/home/zhang/myenv/bot/src/serial_ros2/install/serial/lib/pkgconfig/serial.pc'
[1.160s] Level 1:colcon.colcon_core.environment:checking '/home/zhang/myenv/bot/src/serial_ros2/install/serial/lib/python3.12/site-packages'
[1.160s] Level 1:colcon.colcon_core.environment:checking '/home/zhang/myenv/bot/src/serial_ros2/install/serial/bin'
[1.160s] INFO:colcon.colcon_core.shell:Creating package script '/home/zhang/myenv/bot/src/serial_ros2/install/serial/share/serial/package.ps1'
[1.161s] INFO:colcon.colcon_core.shell:Creating package descriptor '/home/zhang/myenv/bot/src/serial_ros2/install/serial/share/serial/package.dsv'
[1.161s] INFO:colcon.colcon_core.shell:Creating package script '/home/zhang/myenv/bot/src/serial_ros2/install/serial/share/serial/package.sh'
[1.162s] INFO:colcon.colcon_core.shell:Creating package script '/home/zhang/myenv/bot/src/serial_ros2/install/serial/share/serial/package.bash'
[1.162s] INFO:colcon.colcon_core.shell:Creating package script '/home/zhang/myenv/bot/src/serial_ros2/install/serial/share/serial/package.zsh'
[1.163s] Level 1:colcon.colcon_core.environment:create_file_with_runtime_dependencies(/home/zhang/myenv/bot/src/serial_ros2/install/serial/share/colcon-core/packages/serial)
[1.163s] Level 1:colcon.colcon_core.environment:create_environment_scripts_only(serial)
[1.163s] Level 1:colcon.colcon_core.environment:checking '/home/zhang/myenv/bot/src/serial_ros2/install/serial' for CMake module files
[1.163s] Level 1:colcon.colcon_core.environment:checking '/home/zhang/myenv/bot/src/serial_ros2/install/serial' for CMake config files
[1.164s] Level 1:colcon.colcon_core.shell:create_environment_hook('serial', 'cmake_prefix_path')
[1.164s] INFO:colcon.colcon_core.shell:Creating environment hook '/home/zhang/myenv/bot/src/serial_ros2/install/serial/share/serial/hook/cmake_prefix_path.ps1'
[1.164s] INFO:colcon.colcon_core.shell:Creating environment descriptor '/home/zhang/myenv/bot/src/serial_ros2/install/serial/share/serial/hook/cmake_prefix_path.dsv'
[1.164s] INFO:colcon.colcon_core.shell:Creating environment hook '/home/zhang/myenv/bot/src/serial_ros2/install/serial/share/serial/hook/cmake_prefix_path.sh'
[1.164s] Level 1:colcon.colcon_core.environment:checking '/home/zhang/myenv/bot/src/serial_ros2/install/serial/lib'
[1.164s] Level 1:colcon.colcon_core.environment:checking '/home/zhang/myenv/bot/src/serial_ros2/install/serial/bin'
[1.164s] Level 1:colcon.colcon_core.environment:checking '/home/zhang/myenv/bot/src/serial_ros2/install/serial/lib/pkgconfig/serial.pc'
[1.165s] Level 1:colcon.colcon_core.environment:checking '/home/zhang/myenv/bot/src/serial_ros2/install/serial/lib/python3.12/site-packages'
[1.165s] Level 1:colcon.colcon_core.environment:checking '/home/zhang/myenv/bot/src/serial_ros2/install/serial/bin'
[1.165s] INFO:colcon.colcon_core.shell:Creating package script '/home/zhang/myenv/bot/src/serial_ros2/install/serial/share/serial/package.ps1'
[1.165s] INFO:colcon.colcon_core.shell:Creating package descriptor '/home/zhang/myenv/bot/src/serial_ros2/install/serial/share/serial/package.dsv'
[1.165s] INFO:colcon.colcon_core.shell:Creating package script '/home/zhang/myenv/bot/src/serial_ros2/install/serial/share/serial/package.sh'
[1.165s] INFO:colcon.colcon_core.shell:Creating package script '/home/zhang/myenv/bot/src/serial_ros2/install/serial/share/serial/package.bash'
[1.166s] INFO:colcon.colcon_core.shell:Creating package script '/home/zhang/myenv/bot/src/serial_ros2/install/serial/share/serial/package.zsh'
[1.166s] Level 1:colcon.colcon_core.environment:create_file_with_runtime_dependencies(/home/zhang/myenv/bot/src/serial_ros2/install/serial/share/colcon-core/packages/serial)
[1.166s] DEBUG:colcon.colcon_parallel_executor.executor.parallel:closing loop
[1.166s] DEBUG:colcon.colcon_parallel_executor.executor.parallel:loop closed
[1.166s] DEBUG:colcon.colcon_parallel_executor.executor.parallel:run_until_complete finished with '0'
[1.166s] DEBUG:colcon.colcon_core.event_reactor:joining thread
[1.169s] INFO:colcon.colcon_core.plugin_system:Skipping extension 'colcon_notification.desktop_notification.terminal_notifier': Not used on non-Darwin systems
[1.169s] INFO:colcon.colcon_core.plugin_system:Skipping extension 'colcon_notification.desktop_notification.win32': Not used on non-Windows systems
[1.169s] INFO:colcon.colcon_notification.desktop_notification:Sending desktop notification using 'notify2'
[1.180s] DEBUG:colcon.colcon_core.event_reactor:joined thread
[1.180s] INFO:colcon.colcon_core.shell:Creating prefix script '/home/zhang/myenv/bot/src/serial_ros2/install/local_setup.ps1'
[1.181s] INFO:colcon.colcon_core.shell:Creating prefix util module '/home/zhang/myenv/bot/src/serial_ros2/install/_local_setup_util_ps1.py'
[1.181s] INFO:colcon.colcon_core.shell:Creating prefix chain script '/home/zhang/myenv/bot/src/serial_ros2/install/setup.ps1'
[1.182s] INFO:colcon.colcon_core.shell:Creating prefix script '/home/zhang/myenv/bot/src/serial_ros2/install/local_setup.sh'
[1.182s] INFO:colcon.colcon_core.shell:Creating prefix util module '/home/zhang/myenv/bot/src/serial_ros2/install/_local_setup_util_sh.py'
[1.182s] INFO:colcon.colcon_core.shell:Creating prefix chain script '/home/zhang/myenv/bot/src/serial_ros2/install/setup.sh'
[1.183s] INFO:colcon.colcon_core.shell:Creating prefix script '/home/zhang/myenv/bot/src/serial_ros2/install/local_setup.bash'
[1.183s] INFO:colcon.colcon_core.shell:Creating prefix chain script '/home/zhang/myenv/bot/src/serial_ros2/install/setup.bash'
[1.183s] INFO:colcon.colcon_core.shell:Creating prefix script '/home/zhang/myenv/bot/src/serial_ros2/install/local_setup.zsh'
[1.183s] INFO:colcon.colcon_core.shell:Creating prefix chain script '/home/zhang/myenv/bot/src/serial_ros2/install/setup.zsh'
